<?xml version="1.0" encoding="UTF-8"?>
<coverage generated="1639492480828" clover="3.2.0">
  <project timestamp="1639492480829" name="All files">
    <metrics statements="20" coveredstatements="17" conditionals="8" coveredconditionals="6" methods="6" coveredmethods="6" elements="34" coveredelements="29" complexity="0" loc="20" ncloc="20" packages="2" files="5" classes="5"/>
    <package name="src">
      <metrics statements="1" coveredstatements="1" conditionals="0" coveredconditionals="0" methods="1" coveredmethods="1"/>
      <file name="App.tsx" path="/Users/kennethlandsbaum/Desktop/react-apps/sample/src/App.tsx">
        <metrics statements="1" coveredstatements="1" conditionals="0" coveredconditionals="0" methods="1" coveredmethods="1"/>
        <line num="5" count="1" type="stmt"/>
      </file>
      <file name="react-app-env.d.ts" path="/Users/kennethlandsbaum/Desktop/react-apps/sample/src/react-app-env.d.ts">
        <metrics statements="0" coveredstatements="0" conditionals="0" coveredconditionals="0" methods="0" coveredmethods="0"/>
      </file>
    </package>
    <package name="src.features.sample-form">
      <metrics statements="19" coveredstatements="16" conditionals="8" coveredconditionals="6" methods="5" coveredmethods="5"/>
      <file name="Form.tsx" path="/Users/kennethlandsbaum/Desktop/react-apps/sample/src/features/sample-form/Form.tsx">
        <metrics statements="17" coveredstatements="14" conditionals="8" coveredconditionals="6" methods="3" coveredmethods="3"/>
        <line num="5" count="2" type="stmt"/>
        <line num="6" count="2" type="stmt"/>
        <line num="9" count="4" type="stmt"/>
        <line num="10" count="4" type="stmt"/>
        <line num="12" count="4" type="stmt"/>
        <line num="13" count="2" type="stmt"/>
        <line num="14" count="2" type="cond" truecount="2" falsecount="0"/>
        <line num="17" count="4" type="stmt"/>
        <line num="18" count="1" type="stmt"/>
        <line num="19" count="1" type="cond" truecount="3" falsecount="1"/>
        <line num="20" count="0" type="stmt"/>
        <line num="22" count="1" type="stmt"/>
        <line num="23" count="1" type="stmt"/>
        <line num="24" count="1" type="cond" truecount="1" falsecount="1"/>
        <line num="25" count="0" type="stmt"/>
        <line num="26" count="0" type="stmt"/>
        <line num="30" count="4" type="stmt"/>
      </file>
      <file name="Input.tsx" path="/Users/kennethlandsbaum/Desktop/react-apps/sample/src/features/sample-form/Input.tsx">
        <metrics statements="1" coveredstatements="1" conditionals="0" coveredconditionals="0" methods="1" coveredmethods="1"/>
        <line num="11" count="9" type="stmt"/>
      </file>
      <file name="someServiceCall.ts" path="/Users/kennethlandsbaum/Desktop/react-apps/sample/src/features/sample-form/someServiceCall.ts">
        <metrics statements="1" coveredstatements="1" conditionals="0" coveredconditionals="0" methods="1" coveredmethods="1"/>
        <line num="7" count="1" type="stmt"/>
      </file>
    </package>
  </project>
</coverage>
