{"/Users/kennethlandsbaum/Desktop/react-apps/sample/src/App.tsx": {"path":"/Users/kennethlandsbaum/Desktop/react-apps/sample/src/App.tsx","statementMap":{"0":{"start":{"line":5,"column":2},"end":{"line":9,"column":4}}},"fnMap":{"0":{"name":"App","decl":{"start":{"line":4,"column":9},"end":{"line":4,"column":12}},"loc":{"start":{"line":4,"column":15},"end":{"line":10,"column":1}},"line":4}},"branchMap":{},"s":{"0":1},"f":{"0":1},"b":{},"_coverageSchema":"1a1c01bbd47fc00a2c39e90264f33305004495a9","hash":"b6ca08e365942f254a0a63d3eb79082ca4213abf"}
,"/Users/kennethlandsbaum/Desktop/react-apps/sample/src/react-app-env.d.ts": {"path":"/Users/kennethlandsbaum/Desktop/react-apps/sample/src/react-app-env.d.ts","statementMap":{},"fnMap":{},"branchMap":{},"s":{},"f":{},"b":{}}
,"/Users/kennethlandsbaum/Desktop/react-apps/sample/src/features/sample-form/Form.tsx": {"path":"/Users/kennethlandsbaum/Desktop/react-apps/sample/src/features/sample-form/Form.tsx","statementMap":{"0":{"start":{"line":5,"column":22},"end":{"line":5,"column":38}},"1":{"start":{"line":6,"column":22},"end":{"line":6,"column":38}},"2":{"start":{"line":9,"column":34},"end":{"line":9,"column":46}},"3":{"start":{"line":10,"column":34},"end":{"line":10,"column":46}},"4":{"start":{"line":12,"column":23},"end":{"line":15,"column":3}},"5":{"start":{"line":13,"column":24},"end":{"line":13,"column":33}},"6":{"start":{"line":14,"column":4},"end":{"line":14,"column":69}},"7":{"start":{"line":17,"column":23},"end":{"line":28,"column":3}},"8":{"start":{"line":18,"column":4},"end":{"line":18,"column":24}},"9":{"start":{"line":19,"column":4},"end":{"line":21,"column":5}},"10":{"start":{"line":20,"column":6},"end":{"line":20,"column":13}},"11":{"start":{"line":22,"column":4},"end":{"line":22,"column":38}},"12":{"start":{"line":23,"column":21},"end":{"line":23,"column":64}},"13":{"start":{"line":24,"column":4},"end":{"line":27,"column":5}},"14":{"start":{"line":25,"column":6},"end":{"line":25,"column":22}},"15":{"start":{"line":26,"column":6},"end":{"line":26,"column":22}},"16":{"start":{"line":30,"column":2},"end":{"line":49,"column":4}}},"fnMap":{"0":{"name":"Form","decl":{"start":{"line":8,"column":24},"end":{"line":8,"column":28}},"loc":{"start":{"line":8,"column":31},"end":{"line":50,"column":1}},"line":8},"1":{"name":"(anonymous_1)","decl":{"start":{"line":12,"column":23},"end":{"line":12,"column":24}},"loc":{"start":{"line":12,"column":62},"end":{"line":15,"column":3}},"line":12},"2":{"name":"(anonymous_2)","decl":{"start":{"line":17,"column":23},"end":{"line":17,"column":24}},"loc":{"start":{"line":17,"column":68},"end":{"line":28,"column":3}},"line":17}},"branchMap":{"0":{"loc":{"start":{"line":14,"column":4},"end":{"line":14,"column":68}},"type":"cond-expr","locations":[{"start":{"line":14,"column":29},"end":{"line":14,"column":47}},{"start":{"line":14,"column":50},"end":{"line":14,"column":68}}],"line":14},"1":{"loc":{"start":{"line":19,"column":4},"end":{"line":21,"column":5}},"type":"if","locations":[{"start":{"line":19,"column":4},"end":{"line":21,"column":5}},{"start":{"line":19,"column":4},"end":{"line":21,"column":5}}],"line":19},"2":{"loc":{"start":{"line":19,"column":8},"end":{"line":19,"column":30}},"type":"binary-expr","locations":[{"start":{"line":19,"column":8},"end":{"line":19,"column":17}},{"start":{"line":19,"column":21},"end":{"line":19,"column":30}}],"line":19},"3":{"loc":{"start":{"line":24,"column":4},"end":{"line":27,"column":5}},"type":"if","locations":[{"start":{"line":24,"column":4},"end":{"line":27,"column":5}},{"start":{"line":24,"column":4},"end":{"line":27,"column":5}}],"line":24}},"s":{"0":2,"1":2,"2":4,"3":4,"4":4,"5":2,"6":2,"7":4,"8":1,"9":1,"10":0,"11":1,"12":1,"13":1,"14":0,"15":0,"16":4},"f":{"0":4,"1":2,"2":1},"b":{"0":[1,1],"1":[0,1],"2":[1,1],"3":[0,1]},"_coverageSchema":"1a1c01bbd47fc00a2c39e90264f33305004495a9","hash":"c822862cffbcd48c20bd81a02e49e9d272f638b7"}
,"/Users/kennethlandsbaum/Desktop/react-apps/sample/src/features/sample-form/Input.tsx": {"path":"/Users/kennethlandsbaum/Desktop/react-apps/sample/src/features/sample-form/Input.tsx","statementMap":{"0":{"start":{"line":11,"column":2},"end":{"line":16,"column":4}}},"fnMap":{"0":{"name":"Input","decl":{"start":{"line":10,"column":24},"end":{"line":10,"column":29}},"loc":{"start":{"line":10,"column":76},"end":{"line":17,"column":1}},"line":10}},"branchMap":{},"s":{"0":9},"f":{"0":9},"b":{},"_coverageSchema":"1a1c01bbd47fc00a2c39e90264f33305004495a9","hash":"738e01d1b45a77ed7344058ebce6f78d1071120c"}
,"/Users/kennethlandsbaum/Desktop/react-apps/sample/src/features/sample-form/someServiceCall.ts": {"path":"/Users/kennethlandsbaum/Desktop/react-apps/sample/src/features/sample-form/someServiceCall.ts","statementMap":{"0":{"start":{"line":7,"column":2},"end":{"line":7,"column":31}}},"fnMap":{"0":{"name":"someServiceCall","decl":{"start":{"line":6,"column":24},"end":{"line":6,"column":39}},"loc":{"start":{"line":6,"column":72},"end":{"line":8,"column":1}},"line":6}},"branchMap":{},"s":{"0":1},"f":{"0":1},"b":{},"_coverageSchema":"1a1c01bbd47fc00a2c39e90264f33305004495a9","hash":"35130b02c07ecdd783aad4e2a61ab54ba61e2876"}
}
