TN:
SF:src/App.tsx
FN:4,App
FNF:1
FNH:1
FNDA:1,App
DA:5,1
LF:1
LH:1
BRF:0
BRH:0
end_of_record
TN:
SF:src/react-app-env.d.ts
FNF:0
FNH:0
LF:0
LH:0
BRF:0
BRH:0
end_of_record
TN:
SF:src/features/sample-form/Form.tsx
FN:8,Form
FN:12,(anonymous_1)
FN:17,(anonymous_2)
FNF:3
FNH:3
FNDA:4,Form
FNDA:2,(anonymous_1)
FNDA:1,(anonymous_2)
DA:5,2
DA:6,2
DA:9,4
DA:10,4
DA:12,4
DA:13,2
DA:14,2
DA:17,4
DA:18,1
DA:19,1
DA:20,0
DA:22,1
DA:23,1
DA:24,1
DA:25,0
DA:26,0
DA:30,4
LF:17
LH:14
BRDA:14,0,0,1
BRDA:14,0,1,1
BRDA:19,1,0,0
BRDA:19,1,1,1
BRDA:19,2,0,1
BRDA:19,2,1,1
BRDA:24,3,0,0
BRDA:24,3,1,1
BRF:8
BRH:6
end_of_record
TN:
SF:src/features/sample-form/Input.tsx
FN:10,Input
FNF:1
FNH:1
FNDA:9,Input
DA:11,9
LF:1
LH:1
BRF:0
BRH:0
end_of_record
TN:
SF:src/features/sample-form/someServiceCall.ts
FN:6,someServiceCall
FNF:1
FNH:1
FNDA:1,someServiceCall
DA:7,1
LF:1
LH:1
BRF:0
BRH:0
end_of_record
